<?xml version="1.0" encoding="UTF-8"?>
<!-- Generated by org.testng.reporters.JUnitReportReporter -->
<testsuite hostname="Ashish-Mahadi" failures="0" tests="1" name="amazonAutomation.Automation.AddRunningShoes" time="28.087" errors="0" timestamp="2021-06-18T21:24:52 IST" skipped="0">
  <testcase classname="amazonAutomation.Automation.AddRunningShoes" name="AddItem" time="28.087"/>
  <system-out/>
</testsuite> <!-- amazonAutomation.Automation.AddRunningShoes -->
