<?xml version="1.0" encoding="UTF-8"?>
<!-- Generated by org.testng.reporters.JUnitReportReporter -->
<testsuite hostname="Ashish-Mahadi" failures="0" tests="1" name="amazonAutomation.Automation.AddRunningShoes" time="26.886" errors="0" timestamp="2021-06-18T21:31:35 IST" skipped="0">
  <testcase classname="amazonAutomation.Automation.AddRunningShoes" name="AddItem" time="26.886"/>
  <system-out/>
</testsuite> <!-- amazonAutomation.Automation.AddRunningShoes -->
