<?xml version="1.0" encoding="UTF-8"?>
<!-- Generated by org.testng.reporters.JUnitReportReporter -->
<testsuite hostname="Ashish-Mahadi" failures="0" tests="1" name="PlateIqAssignment.MakeMyTripAssignment.RoundTripBooking" time="25.094" errors="0" timestamp="2021-05-09T15:11:04 IST" skipped="0">
  <testcase classname="PlateIqAssignment.MakeMyTripAssignment.RoundTripBooking" name="RoundTrip" time="25.094"/>
  <system-out/>
</testsuite> <!-- PlateIqAssignment.MakeMyTripAssignment.RoundTripBooking -->
